

Version:	3.50
CmdLine:	C:\Users\Cornel\IdeaProjects\MordeWeather\out\artifacts\MordeWeather_jar\MordeWeather.exe --l4j-debug
JNI:		No
WOW64:		Yes
Working dir:	C:\Users\Cornel\IdeaProjects\MordeWeather\out\artifacts\MordeWeather_jar\.
Requires JDK:	No
Requires 64-Bit: No
Java min ver:	
Java max ver:	
Substitute:	JAVA_HOME = C:\Program Files\Java\jdk-19\bin
Substitute:	PATH = C:\Program Files\Common Files\Oracle\Java\javapath;C:\Program Files (x86)\Common Files\Oracle\Java\javapath;C:\Windows\system32;C:\Windows;C:\Windows\System32\Wbem;C:\Windows\System32\WindowsPowerShell\v1.0\;C:\Windows\System32\OpenSSH\;C:\Program Files\Git\cmd;C:\Program Files\Java\jdk-19\bin;C:\Program Files\Java\apache-maven-3.8.6\bin;C:\Program Files\MySQL\MySQL Shell 8.0\bin\;C:\Users\Cornel\AppData\Local\Microsoft\WindowsApps;;C:\Program Files (x86)\IntelliJ IDEA 2022.2\bin;;C:\Program Files\Java\jdk-19\bin
JRE paths:	C:\Program Files\Java\jdk-19\bin;C:\Program Files\Common Files\Oracle\Java\javapath;C:\Program Files (x86)\Common Files\Oracle\Java\javapath;C:\Windows\system32;C:\Windows;C:\Windows\System32\Wbem;C:\Windows\System32\WindowsPowerShell\v1.0\;C:\Windows\System32\OpenSSH\;C:\Program Files\Git\cmd;C:\Program Files\Java\jdk-19\bin;C:\Program Files\Java\apache-maven-3.8.6\bin;C:\Program Files\MySQL\MySQL Shell 8.0\bin\;C:\Users\Cornel\AppData\Local\Microsoft\WindowsApps;;C:\Program Files (x86)\IntelliJ IDEA 2022.2\bin;;C:\Program Files\Java\jdk-19\bin
Check launcher:	C:\Program Files\Java\jdk-19\bin\javaw.exe (OK)
Version string: 1.019.000_001 / 64-Bit (OK)
Launcher:	C:\Program Files\Java\jdk-19\bin\javaw.exe
Launcher args:	-jar "C:\Users\Cornel\IdeaProjects\MordeWeather\out\artifacts\MordeWeather_jar\MordeWeather.exe"
Args length:	96/32768 chars
Exit code:	0


Version:	3.50
CmdLine:	C:\Users\Cornel\IdeaProjects\MordeWeather\out\artifacts\MordeWeather_jar\MordeWeather.exe --l4j-debug
JNI:		No
WOW64:		Yes
Working dir:	C:\Users\Cornel\IdeaProjects\MordeWeather\out\artifacts\MordeWeather_jar\.
Requires JDK:	No
Requires 64-Bit: No
Java min ver:	
Java max ver:	
Substitute:	JAVA_HOME = C:\Program Files\Java\jdk-19\bin
Substitute:	PATH = C:\Program Files\Common Files\Oracle\Java\javapath;C:\Program Files (x86)\Common Files\Oracle\Java\javapath;C:\Windows\system32;C:\Windows;C:\Windows\System32\Wbem;C:\Windows\System32\WindowsPowerShell\v1.0\;C:\Windows\System32\OpenSSH\;C:\Program Files\Git\cmd;C:\Program Files\Java\jdk-19\bin;C:\Program Files\Java\apache-maven-3.8.6\bin;C:\Program Files\MySQL\MySQL Shell 8.0\bin\;C:\Users\Cornel\AppData\Local\Microsoft\WindowsApps;;C:\Program Files (x86)\IntelliJ IDEA 2022.2\bin;;C:\Program Files\Java\jdk-19\bin
JRE paths:	C:\Program Files\Java\jdk-19\bin;C:\Program Files\Common Files\Oracle\Java\javapath;C:\Program Files (x86)\Common Files\Oracle\Java\javapath;C:\Windows\system32;C:\Windows;C:\Windows\System32\Wbem;C:\Windows\System32\WindowsPowerShell\v1.0\;C:\Windows\System32\OpenSSH\;C:\Program Files\Git\cmd;C:\Program Files\Java\jdk-19\bin;C:\Program Files\Java\apache-maven-3.8.6\bin;C:\Program Files\MySQL\MySQL Shell 8.0\bin\;C:\Users\Cornel\AppData\Local\Microsoft\WindowsApps;;C:\Program Files (x86)\IntelliJ IDEA 2022.2\bin;;C:\Program Files\Java\jdk-19\bin
Check launcher:	C:\Program Files\Java\jdk-19\bin\javaw.exe (OK)
Version string: 1.019.000_001 / 64-Bit (OK)
Launcher:	C:\Program Files\Java\jdk-19\bin\javaw.exe
Launcher args:	-jar "C:\Users\Cornel\IdeaProjects\MordeWeather\out\artifacts\MordeWeather_jar\MordeWeather.exe"
Args length:	96/32768 chars
Exit code:	0
